<?xml version="1.0" encoding="UTF-8"?>
<testsuite xmlns:xsi="http://www.w3.org/2001/XMLSchema-instance" xsi:noNamespaceSchemaLocation="https://maven.apache.org/surefire/maven-surefire-plugin/xsd/surefire-test-report-3.0.xsd" version="3.0" name="pl.messaging.quarkus.test.InboxOutboxQuarkusTest" time="2.833" tests="1" errors="0" skipped="0" failures="0">
  <properties>
[...]
</properties>
  <testcase name="writeYourOwnUnitTest" classname="pl.messaging.quarkus.test.InboxOutboxQuarkusTest" time="0.003">
    <system-out><![CDATA[2024-12-19 17:05:34,604 INFO  [io.qua.sch.run.SimpleScheduler] (main) No scheduled business methods found - Simple scheduler will not be started
2024-12-19 17:05:34,604 INFO  [io.quarkus] (main) inbox-outbox-quarkus-deployment 1.0.0-SNAPSHOT on JVM (powered by Quarkus 3.11.1) started in 0.239s. 
2024-12-19 17:05:34,605 INFO  [io.quarkus] (main) Profile test activated. 
2024-12-19 17:05:34,605 INFO  [io.quarkus] (main) Installed features: [cdi, inbox-quarkus, kotlin, scheduler, smallrye-context-propagation, vertx]
]]></system-out>
  </testcase>
</testsuite>