<?xml version="1.0" encoding="UTF-8"?>
<testsuite xmlns:xsi="http://www.w3.org/2001/XMLSchema-instance" xsi:noNamespaceSchemaLocation="https://maven.apache.org/surefire/maven-surefire-plugin/xsd/surefire-test-report-3.0.xsd" version="3.0" name="pl.messaging.InboxOutboxTest" time="9.304" tests="4" errors="0" skipped="0" failures="0">
  <properties>
[...]
</properties>
  <testcase name="inbox simple test [sentMessages: [pl.messaging.model.TestMessage1@54aca26f, pl.messaging.model.TestMessage1@314ed053, pl.messaging.model.TestMessage2@35088e87, pl.messaging.model.TestMessageFailing@486bc9a4, pl.messaging.model.TestMessage3@7965a51c], expectedCountByMessage: [class pl.messaging.model.TestMessage3:1, class pl.messaging.model.TestMessageFailing:0, class pl.messaging.model.TestMessage1:2, class pl.messaging.model.TestMessage2:1], #0]" classname="pl.messaging.InboxOutboxTest" time="1.555">
    <system-out><![CDATA[
  .   ____          _            __ _ _
 /\\ / ___'_ __ _ _(_)_ __  __ _ \ \ \ \
( ( )\___ | '_ | '_| | '_ \/ _` | \ \ \ \
 \\/  ___)| |_)| | | | | || (_| |  ) ) ) )
  '  |____| .__|_| |_|_| |_\__, | / / / /
 =========|_|==============|___/=/_/_/_/
 :: Spring Boot ::                (v3.2.0)

]]></system-out>
    <system-err><![CDATA[[main] INFO pl.messaging.InboxOutboxTest - Starting InboxOutboxTest using Java 20.0.1 with PID 2420 (started by bkuch in C:\Users\bkuch\OneDrive\Pulpit\App\PIH\projekty\illchess\messaging\inbox-outbox\inbox-outbox-spring)
[main] INFO pl.messaging.InboxOutboxTest - No active profile set, falling back to 1 default profile: "default"
[main] INFO pl.messaging.InboxOutboxTest - Started InboxOutboxTest in 0.416 seconds (process running for 1.595)
]]></system-err>
  </testcase>
  <testcase name="inbox simple test" classname="pl.messaging.InboxOutboxTest" time="2.195"/>
  <testcase name="should have expected count of retry on failing inbox message" classname="pl.messaging.InboxOutboxTest" time="2.027"/>
  <testcase name="should have expected count of retry with max value on failing inbox message" classname="pl.messaging.InboxOutboxTest" time="5.01"/>
</testsuite>